<?xml version="1.0" encoding="UTF-8"?>
<testsuite xmlns:xsi="http://www.w3.org/2001/XMLSchema-instance" xsi:noNamespaceSchemaLocation="https://maven.apache.org/surefire/maven-surefire-plugin/xsd/surefire-test-report-3.0.xsd" version="3.0" name="com.obsinity.e2e.ApiE2EJUnitTest" time="8.415" tests="6" errors="0" skipped="0" failures="0">
  <properties>
[...]
</properties>
  <testcase name="immediateTransitionCounts_simple" classname="com.obsinity.e2e.ApiE2EJUnitTest" time="4.235"/>
  <testcase name="configuredTransition_countsWithIntermediates" classname="com.obsinity.e2e.ApiE2EJUnitTest" time="0.049"/>
  <testcase name="ratio_finishedVsAbandoned_usesConfiguredTransitions" classname="com.obsinity.e2e.ApiE2EJUnitTest" time="0.036"/>
  <testcase name="immediateTransitionCounts_backAndForth" classname="com.obsinity.e2e.ApiE2EJUnitTest" time="4.053"/>
  <testcase name="configuredTransition_countsDespiteBacktracking" classname="com.obsinity.e2e.ApiE2EJUnitTest" time="0.026"/>
  <testcase name="ratio_zeroDenominator" classname="com.obsinity.e2e.ApiE2EJUnitTest" time="0.014"/>
</testsuite>